jQuery_Basic_Tutorial_in_Bangla_Part_2_Strong_Password_Slider_BITM_Web_App_Development_2019-88ZpjnktlgE.mp4
Bootstrap_with_JS_Part_1_BITM_Web_App_Development_with_Laravel-ZC3kSxmbq_c.webm
[youtube:playlist] PLzpLzIkV2SAGDZmzE55iQTdDE6A-TieJV: Downloading webpage 
[download] Downloading playlist: BITM Web App Development with Laravel - 2019 
[youtube:playlist] playlist BITM Web App Development with Laravel - 2019: Downloading 2 videos 
[download] Downloading video 1 of 2 
[youtube] 88ZpjnktlgE: Downloading webpage 
[youtube] 88ZpjnktlgE: Downloading MPD manifest 
[download] Resuming download at byte 929537 
[download] Downloading video 2 of 2 
[youtube] ZC3kSxmbq_c: Downloading webpage 
[youtube] ZC3kSxmbq_c: Downloading MPD manifest 
[download] Destination: Bootstrap_with_JS_Part_1_BITM_Web_App_Development_with_Laravel-ZC3kSxmbq_c.mp4 
[download]   0.0% of 80.90MiB at 983.19KiB/s ETA 01:24 
[download]   0.0% of 80.90MiB at  2.88MiB/s ETA 00:28  
[download]   0.0% of 80.90MiB at  3.39MiB/s ETA 00:23  
[download]   0.0% of 80.90MiB at  1.33MiB/s ETA 01:00  
[download]   0.0% of 80.90MiB at 445.68KiB/s ETA 03:05 
[download]   0.1% of 80.90MiB at 544.63KiB/s ETA 02:31 
[download]   0.2% of 80.90MiB at 734.81KiB/s ETA 01:52 
[download]   0.3% of 80.90MiB at  1.06MiB/s ETA 01:15  
[download]   0.6% of 80.90MiB at  1.53MiB/s ETA 00:52  
[download]   1.2% of 80.90MiB at  1.14MiB/s ETA 01:10  
[download]   2.4% of 80.90MiB at  1.71MiB/s ETA 00:46  
[download]   4.6% of 80.90MiB at  1.98MiB/s ETA 00:38  
[download]   7.5% of 80.90MiB at  1.91MiB/s ETA 00:39  
[download]   9.8% of 80.90MiB at  1.76MiB/s ETA 00:41  
[download]  11.5% of 80.90MiB at  1.83MiB/s ETA 00:39  
[download]  14.4% of 80.90MiB at  1.97MiB/s ETA 00:35  
[download]  17.9% of 80.90MiB at  2.07MiB/s ETA 00:32  
[download]  21.1% of 80.90MiB at  2.18MiB/s ETA 00:29  
[download]  25.0% of 80.90MiB at  2.23MiB/s ETA 00:27  
[download]  28.1% of 80.90MiB at  2.26MiB/s ETA 00:25  
[download]  31.3% of 80.90MiB at  2.29MiB/s ETA 00:24  
[download]  34.5% of 80.90MiB at  2.27MiB/s ETA 00:23  
[download]  37.1% of 80.90MiB at  2.33MiB/s ETA 00:21  
[download]  41.3% of 80.90MiB at  2.35MiB/s ETA 00:20  
[download]  44.5% of 80.90MiB at  2.37MiB/s ETA 00:18  
[download]  47.7% of 80.90MiB at  2.38MiB/s ETA 00:17  
[download]  50.8% of 80.90MiB at  2.40MiB/s ETA 00:16  
[download]  54.2% of 80.90MiB at  2.45MiB/s ETA 00:15  
[download]  58.9% of 80.90MiB at  2.36MiB/s ETA 00:14  
[download]  61.3% of 80.90MiB at  2.37MiB/s ETA 00:13  
[download]  64.5% of 80.90MiB at  2.38MiB/s ETA 00:12  
[download]  67.7% of 80.90MiB at  2.32MiB/s ETA 00:11  
[download]  69.6% of 80.90MiB at  2.34MiB/s ETA 00:10  
[download]  73.5% of 80.90MiB at  2.37MiB/s ETA 00:09  
[download]  77.3% of 80.90MiB at  2.35MiB/s ETA 00:07  
[download]  79.8% of 80.90MiB at  2.35MiB/s ETA 00:06  
[download]  82.8% of 80.90MiB at  2.37MiB/s ETA 00:05  
[download]  86.2% of 80.90MiB at  2.35MiB/s ETA 00:04  
[download]  88.8% of 80.90MiB at  2.36MiB/s ETA 00:03  
[download]  91.9% of 80.90MiB at  2.34MiB/s ETA 00:02  
[download]  94.4% of 80.90MiB at  2.37MiB/s ETA 00:01  
[download]  99.2% of 80.90MiB at  2.36MiB/s ETA 00:00  
[download] 100.0% of 80.90MiB at  2.36MiB/s ETA 00:00  
[download] 100% of 80.90MiB in 00:35                   
[download] Finished downloading playlist: BITM Web App Development with Laravel - 2019 
started moving.....
